<?xml version="1.0" encoding="UTF-8" ?>
<testsuite tests="4" failures="0" name="math.MyAdvancedMathTest" time="0" errors="0" skipped="0">
  <properties>
[...]
</properties>
  <testcase classname="math.MyAdvancedMathTest" name="test_reverseArray" time="0"/>
  <testcase classname="math.MyAdvancedMathTest" name="test_reverseArray_Mocking" time="0"/>
  <testcase classname="math.MyAdvancedMathTest" name="test_add_normal" time="0"/>
  <testcase classname="math.MyAdvancedMathTest" name="testAdd_shouldReturnZero" time="0"/>
</testsuite>